<?xml version="1.0" encoding="UTF-8"?>
<!-- Generated by org.testng.reporters.JUnitReportReporter -->
<testsuite hostname="ShipVista" failures="0" tests="1" name="com.w2a.testcases.BankManagerLoginTest" time="3.549" errors="0" timestamp="2026-05-11T07:26:38 EDT" skipped="0">
  <testcase classname="com.w2a.testcases.BankManagerLoginTest" name="loginAsBankManager" time="3.549">
    <system-out>
      <![CDATA[ Ontest Screenshot]]>
    </system-out>
  </testcase> <!-- loginAsBankManager -->
  <system-out>
    <![CDATA[ Ontest Screenshot
 Ontest Screenshot]]>
  </system-out>
</testsuite> <!-- com.w2a.testcases.BankManagerLoginTest -->
