<?xml version="1.0" encoding="UTF-8"?>
<testng-results ignored="0" total="0" passed="0" failed="0" skipped="0">
  <reporter-output>
  </reporter-output>
  <suite started-at="2026-05-11T09:36:16 EDT" name="Default suite" finished-at="2026-05-11T09:36:16 EDT" duration-ms="30">
    <groups>
    </groups>
    <test started-at="2026-05-11T09:36:16 EDT" name="Default test" finished-at="2026-05-11T09:36:16 EDT" duration-ms="30">
      <class name="com.w2a.base.TestBase">
        <test-method is-config="true" signature="setUp()[pri:0, instance:com.w2a.base.TestBase@3382f8ae]" started-at="2026-05-11T09:36:08 EDT" name="setUp" finished-at="2026-05-11T09:36:16 EDT" duration-ms="7967" status="PASS">
          <reporter-output>
          </reporter-output>
        </test-method> <!-- setUp -->
        <test-method is-config="true" signature="tearDown()[pri:0, instance:com.w2a.base.TestBase@3382f8ae]" started-at="2026-05-11T09:36:16 EDT" name="tearDown" finished-at="2026-05-11T09:36:16 EDT" duration-ms="222" status="PASS">
          <reporter-output>
          </reporter-output>
        </test-method> <!-- tearDown -->
      </class> <!-- com.w2a.base.TestBase -->
    </test> <!-- Default test -->
  </suite> <!-- Default suite -->
</testng-results>
